<?xml version="1.0" encoding="UTF-8"?>
<testsuite name="linked.list.zip.MergeSortedListsTest" tests="1" skipped="0" failures="0" errors="0" timestamp="2023-08-28T13:11:55" hostname="DESKTOP-P8ME2PU" time="0.123">
  <properties/>
  <testcase name="testMergeSortedLists()" classname="linked.list.zip.MergeSortedListsTest" time="0.123"/>
  <system-out><![CDATA[]]></system-out>
  <system-err><![CDATA[]]></system-err>
</testsuite>
