<?xml version="1.0" encoding="UTF-8"?>
<testsuite name="linked.list.zip.ZipListTest" tests="1" skipped="0" failures="0" errors="0" timestamp="2023-08-28T13:11:55" hostname="DESKTOP-P8ME2PU" time="0.002">
  <properties/>
  <testcase name="testZipLists()" classname="linked.list.zip.ZipListTest" time="0.002"/>
  <system-out><![CDATA[]]></system-out>
  <system-err><![CDATA[]]></system-err>
</testsuite>
